0 info it worked if it ends with ok
1 verbose cli [ 'C:\\Program Files\\nodejs\\node.exe',
1 verbose cli   'C:\\Program Files\\nodejs\\node_modules\\npm\\bin\\npm-cli.js',
1 verbose cli   'install',
1 verbose cli   '-g',
1 verbose cli   'bson' ]
2 info using npm@3.10.8
3 info using node@v6.9.1
4 silly loadCurrentTree Starting
5 silly install loadCurrentTree
6 silly install readGlobalPackageData
7 silly fetchPackageMetaData bson
8 silly fetchNamedPackageData bson
9 silly mapToRegistry name bson
10 silly mapToRegistry using default registry
11 silly mapToRegistry registry https://registry.npmjs.org/
12 silly mapToRegistry data Result {
12 silly mapToRegistry   raw: 'bson',
12 silly mapToRegistry   scope: null,
12 silly mapToRegistry   escapedName: 'bson',
12 silly mapToRegistry   name: 'bson',
12 silly mapToRegistry   rawSpec: '',
12 silly mapToRegistry   spec: 'latest',
12 silly mapToRegistry   type: 'tag' }
13 silly mapToRegistry uri https://registry.npmjs.org/bson
14 verbose request uri https://registry.npmjs.org/bson
15 verbose request no auth needed
16 info attempt registry request try #1 at 13:32:02
17 verbose request id f14153df7ee793ca
18 verbose etag W/"595bba9f-1af18"
19 verbose lastModified Tue, 04 Jul 2017 15:56:15 GMT
20 http request GET https://registry.npmjs.org/bson
21 http 304 https://registry.npmjs.org/bson
22 verbose headers { date: 'Tue, 18 Jul 2017 16:32:02 GMT',
22 verbose headers   via: '1.1 varnish',
22 verbose headers   'cache-control': 'max-age=300',
22 verbose headers   etag: 'W/"595bba9f-1af18"',
22 verbose headers   age: '39',
22 verbose headers   connection: 'keep-alive',
22 verbose headers   'x-served-by': 'cache-gru7120-GRU',
22 verbose headers   'x-cache': 'HIT',
22 verbose headers   'x-cache-hits': '1',
22 verbose headers   'x-timer': 'S1500395522.340527,VS0,VE0',
22 verbose headers   vary: 'Accept-Encoding, Accept' }
23 silly get cb [ 304,
23 silly get   { date: 'Tue, 18 Jul 2017 16:32:02 GMT',
23 silly get     via: '1.1 varnish',
23 silly get     'cache-control': 'max-age=300',
23 silly get     etag: 'W/"595bba9f-1af18"',
23 silly get     age: '39',
23 silly get     connection: 'keep-alive',
23 silly get     'x-served-by': 'cache-gru7120-GRU',
23 silly get     'x-cache': 'HIT',
23 silly get     'x-cache-hits': '1',
23 silly get     'x-timer': 'S1500395522.340527,VS0,VE0',
23 silly get     vary: 'Accept-Encoding, Accept' } ]
24 verbose etag https://registry.npmjs.org/bson from cache
25 verbose get saving bson to C:\Users\user-05\AppData\Roaming\npm-cache\registry.npmjs.org\bson\.cache.json
26 verbose correctMkdir C:\Users\user-05\AppData\Roaming\npm-cache correctMkdir not in flight; initializing
27 silly install normalizeTree
28 silly loadCurrentTree Finishing
29 silly loadIdealTree Starting
30 silly install loadIdealTree
31 silly cloneCurrentTree Starting
32 silly install cloneCurrentTreeToIdealTree
33 silly cloneCurrentTree Finishing
34 silly loadShrinkwrap Starting
35 silly install loadShrinkwrap
36 silly loadShrinkwrap Finishing
37 silly loadAllDepsIntoIdealTree Starting
38 silly install loadAllDepsIntoIdealTree
39 silly resolveWithNewModule bson@1.0.4 checking installable status
40 silly cache add args [ 'bson', null ]
41 verbose cache add spec bson
42 silly cache add parsed spec Result {
42 silly cache add   raw: 'bson',
42 silly cache add   scope: null,
42 silly cache add   escapedName: 'bson',
42 silly cache add   name: 'bson',
42 silly cache add   rawSpec: '',
42 silly cache add   spec: 'latest',
42 silly cache add   type: 'tag' }
43 silly addNamed bson@latest
44 verbose addNamed "latest" is being treated as a dist-tag for bson
45 info addNameTag [ 'bson', 'latest' ]
46 silly mapToRegistry name bson
47 silly mapToRegistry using default registry
48 silly mapToRegistry registry https://registry.npmjs.org/
49 silly mapToRegistry data Result {
49 silly mapToRegistry   raw: 'bson',
49 silly mapToRegistry   scope: null,
49 silly mapToRegistry   escapedName: 'bson',
49 silly mapToRegistry   name: 'bson',
49 silly mapToRegistry   rawSpec: '',
49 silly mapToRegistry   spec: 'latest',
49 silly mapToRegistry   type: 'tag' }
50 silly mapToRegistry uri https://registry.npmjs.org/bson
51 verbose addNameTag registry:https://registry.npmjs.org/bson not in flight; fetching
52 verbose get https://registry.npmjs.org/bson not expired, no request
53 silly addNameTag next cb for bson with tag latest
54 silly addNamed bson@1.0.4
55 verbose addNamed "1.0.4" is a plain semver version for bson
56 silly mapToRegistry name bson
57 silly mapToRegistry using default registry
58 silly mapToRegistry registry https://registry.npmjs.org/
59 silly mapToRegistry data Result {
59 silly mapToRegistry   raw: 'bson',
59 silly mapToRegistry   scope: null,
59 silly mapToRegistry   escapedName: 'bson',
59 silly mapToRegistry   name: 'bson',
59 silly mapToRegistry   rawSpec: '',
59 silly mapToRegistry   spec: 'latest',
59 silly mapToRegistry   type: 'tag' }
60 silly mapToRegistry uri https://registry.npmjs.org/bson
61 verbose addRemoteTarball https://registry.npmjs.org/bson/-/bson-1.0.4.tgz not in flight; adding
62 verbose addRemoteTarball [ 'https://registry.npmjs.org/bson/-/bson-1.0.4.tgz',
62 verbose addRemoteTarball   '93c10d39eaa5b58415cbc4052f3e53e562b0b72c' ]
63 info retry fetch attempt 1 at 13:32:02
64 info attempt registry request try #1 at 13:32:02
65 http fetch GET https://registry.npmjs.org/bson/-/bson-1.0.4.tgz
66 http fetch 200 https://registry.npmjs.org/bson/-/bson-1.0.4.tgz
67 silly fetchAndShaCheck shasum 93c10d39eaa5b58415cbc4052f3e53e562b0b72c
68 verbose addTmpTarball C:\Users\user-05\AppData\Local\Temp\npm-8100-9414593e\registry.npmjs.org\bson\-\bson-1.0.4.tgz not in flight; adding
69 verbose addTmpTarball already have metadata; skipping unpack for bson@1.0.4
70 verbose correctMkdir C:\Users\user-05\AppData\Roaming\npm-cache correctMkdir not in flight; initializing
71 silly cache afterAdd bson@1.0.4
72 verbose afterAdd C:\Users\user-05\AppData\Roaming\npm-cache\bson\1.0.4\package\package.json not in flight; writing
73 verbose correctMkdir C:\Users\user-05\AppData\Roaming\npm-cache correctMkdir not in flight; initializing
74 verbose afterAdd C:\Users\user-05\AppData\Roaming\npm-cache\bson\1.0.4\package\package.json written
75 silly loadAllDepsIntoIdealTree Finishing
76 silly loadIdealTree Finishing
77 silly currentTree local
78 silly idealTree local
78 silly idealTree `-- bson@1.0.4
79 silly generateActionsToTake Starting
80 silly install generateActionsToTake
81 silly generateActionsToTake Finishing
82 silly diffTrees action count 1
83 silly diffTrees add bson@1.0.4
84 silly decomposeActions action count 8
85 silly decomposeActions fetch bson@1.0.4
86 silly decomposeActions extract bson@1.0.4
87 silly decomposeActions test bson@1.0.4
88 silly decomposeActions preinstall bson@1.0.4
89 silly decomposeActions build bson@1.0.4
90 silly decomposeActions install bson@1.0.4
91 silly decomposeActions postinstall bson@1.0.4
92 silly decomposeActions finalize bson@1.0.4
93 silly runTopLevelLifecycles Starting
94 silly executeActions Starting
95 silly install executeActions
96 silly doSerial global-install 0
97 silly doParallel fetch 1
98 verbose correctMkdir C:\Users\user-05\AppData\Roaming\npm-cache\_locks correctMkdir not in flight; initializing
99 verbose lock using C:\Users\user-05\AppData\Roaming\npm-cache\_locks\staging-138126d11dadfac2.lock for C:\Program Files\Git\usr\local\node_modules\.staging
100 verbose unlock done using C:\Users\user-05\AppData\Roaming\npm-cache\_locks\staging-138126d11dadfac2.lock for C:\Program Files\Git\usr\local\node_modules\.staging
101 silly rollbackFailedOptional Starting
102 silly rollbackFailedOptional Finishing
103 silly runTopLevelLifecycles Finishing
104 silly install printInstalled
105 verbose stack Error: EPERM: operation not permitted, mkdir 'C:\Program Files\Git\usr\local\node_modules'
105 verbose stack     at Error (native)
106 verbose cwd C:\Users\user-05\Desktop\MeioDia\mean-001-cdc-contatooh
107 error Windows_NT 6.1.7601
108 error argv "C:\\Program Files\\nodejs\\node.exe" "C:\\Program Files\\nodejs\\node_modules\\npm\\bin\\npm-cli.js" "install" "-g" "bson"
109 error node v6.9.1
110 error npm  v3.10.8
111 error path C:\Program Files\Git\usr\local\node_modules
112 error code EPERM
113 error errno -4048
114 error syscall mkdir
115 error Error: EPERM: operation not permitted, mkdir 'C:\Program Files\Git\usr\local\node_modules'
115 error     at Error (native)
115 error  { Error: EPERM: operation not permitted, mkdir 'C:\Program Files\Git\usr\local\node_modules'
115 error     at Error (native)
115 error   errno: -4048,
115 error   code: 'EPERM',
115 error   syscall: 'mkdir',
115 error   path: 'C:\\Program Files\\Git\\usr\\local\\node_modules' }
116 error Please try running this command again as root/Administrator.
117 verbose exit [ -4048, true ]
